# JRE version: Java(TM) SE Runtime Environment (8.0_261-b12) (build 1.8.0_261-b12)
# Java VM: Java HotSpot(TM) 64-Bit Server VM (25.261-b12 mixed mode windows-amd64 compressed oops)
Heap:
 PSYoungGen      total 116736K, used 20670K [0x00000000d5c00000, 0x00000000ddd80000, 0x0000000100000000)
  eden space 100864K, 20% used [0x00000000d5c00000,0x00000000d702f868,0x00000000dbe80000)
  from space 15872K, 0% used [0x00000000dce00000,0x00000000dce00000,0x00000000ddd80000)
  to   space 15872K, 0% used [0x00000000dbe80000,0x00000000dbe80000,0x00000000dce00000)
 ParOldGen       total 87040K, used 28629K [0x0000000081400000, 0x0000000086900000, 0x00000000d5c00000)
  object space 87040K, 32% used [0x0000000081400000,0x0000000082ff56c8,0x0000000086900000)
 Metaspace       used 21963K, capacity 22632K, committed 22784K, reserved 1069056K
  class space    used 2551K, capacity 2723K, committed 2816K, reserved 1048576K
GC Heap History (10 events):
Event: 8.946 GC heap before
{Heap before GC invocations=7 (full 0):
 PSYoungGen      total 43520K, used 41337K [0x00000000d5c00000, 0x00000000db300000, 0x0000000100000000)
  eden space 32256K, 100% used [0x00000000d5c00000,0x00000000d7b80000,0x00000000d7b80000)
  from space 11264K, 80% used [0x00000000d8700000,0x00000000d8fde620,0x00000000d9200000)
  to   space 11776K, 0% used [0x00000000d7b80000,0x00000000d7b80000,0x00000000d8700000)
 ParOldGen       total 87552K, used 11710K [0x0000000081400000, 0x0000000086980000, 0x00000000d5c00000)
  object space 87552K, 13% used [0x0000000081400000,0x0000000081f6fa30,0x0000000086980000)
 Metaspace       used 16844K, capacity 17206K, committed 17408K, reserved 1064960K
  class space    used 1940K, capacity 2018K, committed 2048K, reserved 1048576K
Event: 8.964 GC heap after
Heap after GC invocations=7 (full 0):
 PSYoungGen      total 44032K, used 11760K [0x00000000d5c00000, 0x00000000db600000, 0x0000000100000000)
  eden space 32256K, 0% used [0x00000000d5c00000,0x00000000d5c00000,0x00000000d7b80000)
  from space 11776K, 99% used [0x00000000d7b80000,0x00000000d86fc030,0x00000000d8700000)
  to   space 13824K, 0% used [0x00000000da880000,0x00000000da880000,0x00000000db600000)
 ParOldGen       total 87552K, used 13448K [0x0000000081400000, 0x0000000086980000, 0x00000000d5c00000)
  object space 87552K, 15% used [0x0000000081400000,0x00000000821220e0,0x0000000086980000)
 Metaspace       used 16844K, capacity 17206K, committed 17408K, reserved 1064960K
  class space    used 1940K, capacity 2018K, committed 2048K, reserved 1048576K
}
Event: 10.506 GC heap before
{Heap before GC invocations=8 (full 0):
 PSYoungGen      total 44032K, used 44016K [0x00000000d5c00000, 0x00000000db600000, 0x0000000100000000)
  eden space 32256K, 100% used [0x00000000d5c00000,0x00000000d7b80000,0x00000000d7b80000)
  from space 11776K, 99% used [0x00000000d7b80000,0x00000000d86fc030,0x00000000d8700000)
  to   space 13824K, 0% used [0x00000000da880000,0x00000000da880000,0x00000000db600000)
 ParOldGen       total 87552K, used 13448K [0x0000000081400000, 0x0000000086980000, 0x00000000d5c00000)
  object space 87552K, 15% used [0x0000000081400000,0x00000000821220e0,0x0000000086980000)
 Metaspace       used 17058K, capacity 17500K, committed 17792K, reserved 1064960K
  class space    used 1956K, capacity 2051K, committed 2176K, reserved 1048576K
Event: 10.523 GC heap after
Heap after GC invocations=8 (full 0):
 PSYoungGen      total 76800K, used 12688K [0x00000000d5c00000, 0x00000000db900000, 0x0000000100000000)
  eden space 62976K, 0% used [0x00000000d5c00000,0x00000000d5c00000,0x00000000d9980000)
  from space 13824K, 91% used [0x00000000da880000,0x00000000db4e4010,0x00000000db600000)
  to   space 15360K, 0% used [0x00000000d9980000,0x00000000d9980000,0x00000000da880000)
 ParOldGen       total 87552K, used 15559K [0x0000000081400000, 0x0000000086980000, 0x00000000d5c00000)
  object space 87552K, 17% used [0x0000000081400000,0x0000000082331f40,0x0000000086980000)
 Metaspace       used 17058K, capacity 17500K, committed 17792K, reserved 1064960K
  class space    used 1956K, capacity 2051K, committed 2176K, reserved 1048576K
}
Event: 12.427 GC heap before
{Heap before GC invocations=9 (full 0):
 PSYoungGen      total 76800K, used 75664K [0x00000000d5c00000, 0x00000000db900000, 0x0000000100000000)
  eden space 62976K, 100% used [0x00000000d5c00000,0x00000000d9980000,0x00000000d9980000)
  from space 13824K, 91% used [0x00000000da880000,0x00000000db4e4010,0x00000000db600000)
  to   space 15360K, 0% used [0x00000000d9980000,0x00000000d9980000,0x00000000da880000)
 ParOldGen       total 87552K, used 15559K [0x0000000081400000, 0x0000000086980000, 0x00000000d5c00000)
  object space 87552K, 17% used [0x0000000081400000,0x0000000082331f40,0x0000000086980000)
 Metaspace       used 18547K, capacity 19046K, committed 19200K, reserved 1067008K
  class space    used 2090K, capacity 2228K, committed 2304K, reserved 1048576K
Event: 12.443 GC heap after
Heap after GC invocations=9 (full 0):
 PSYoungGen      total 78336K, used 12293K [0x00000000d5c00000, 0x00000000ddd80000, 0x0000000100000000)
  eden space 62976K, 0% used [0x00000000d5c00000,0x00000000d5c00000,0x00000000d9980000)
  from space 15360K, 80% used [0x00000000d9980000,0x00000000da581448,0x00000000da880000)
  to   space 15872K, 0% used [0x00000000dce00000,0x00000000dce00000,0x00000000ddd80000)
 ParOldGen       total 87552K, used 20592K [0x0000000081400000, 0x0000000086980000, 0x00000000d5c00000)
  object space 87552K, 23% used [0x0000000081400000,0x000000008281c3a8,0x0000000086980000)
 Metaspace       used 18547K, capacity 19046K, committed 19200K, reserved 1067008K
  class space    used 2090K, capacity 2228K, committed 2304K, reserved 1048576K
}
Event: 13.763 GC heap before
{Heap before GC invocations=10 (full 0):
 PSYoungGen      total 78336K, used 63801K [0x00000000d5c00000, 0x00000000ddd80000, 0x0000000100000000)
  eden space 62976K, 81% used [0x00000000d5c00000,0x00000000d8e4d298,0x00000000d9980000)
  from space 15360K, 80% used [0x00000000d9980000,0x00000000da581448,0x00000000da880000)
  to   space 15872K, 0% used [0x00000000dce00000,0x00000000dce00000,0x00000000ddd80000)
 ParOldGen       total 87552K, used 20592K [0x0000000081400000, 0x0000000086980000, 0x00000000d5c00000)
  object space 87552K, 23% used [0x0000000081400000,0x000000008281c3a8,0x0000000086980000)
 Metaspace       used 20549K, capacity 21122K, committed 21248K, reserved 1069056K
  class space    used 2370K, capacity 2536K, committed 2560K, reserved 1048576K
Event: 13.782 GC heap after
Heap after GC invocations=10 (full 0):
 PSYoungGen      total 116736K, used 6753K [0x00000000d5c00000, 0x00000000ddd80000, 0x0000000100000000)
  eden space 100864K, 0% used [0x00000000d5c00000,0x00000000d5c00000,0x00000000dbe80000)
  from space 15872K, 42% used [0x00000000dce00000,0x00000000dd498470,0x00000000ddd80000)
  to   space 15872K, 0% used [0x00000000dbe80000,0x00000000dbe80000,0x00000000dce00000)
 ParOldGen       total 87552K, used 27725K [0x0000000081400000, 0x0000000086980000, 0x00000000d5c00000)
  object space 87552K, 31% used [0x0000000081400000,0x0000000082f137b8,0x0000000086980000)
 Metaspace       used 20549K, capacity 21122K, committed 21248K, reserved 1069056K
  class space    used 2370K, capacity 2536K, committed 2560K, reserved 1048576K
}
Event: 13.782 GC heap before
{Heap before GC invocations=11 (full 1):
 PSYoungGen      total 116736K, used 6753K [0x00000000d5c00000, 0x00000000ddd80000, 0x0000000100000000)
  eden space 100864K, 0% used [0x00000000d5c00000,0x00000000d5c00000,0x00000000dbe80000)
  from space 15872K, 42% used [0x00000000dce00000,0x00000000dd498470,0x00000000ddd80000)
  to   space 15872K, 0% used [0x00000000dbe80000,0x00000000dbe80000,0x00000000dce00000)
 ParOldGen       total 87552K, used 27725K [0x0000000081400000, 0x0000000086980000, 0x00000000d5c00000)
  object space 87552K, 31% used [0x0000000081400000,0x0000000082f137b8,0x0000000086980000)
 Metaspace       used 20549K, capacity 21122K, committed 21248K, reserved 1069056K
  class space    used 2370K, capacity 2536K, committed 2560K, reserved 1048576K
Event: 13.962 GC heap after
Heap after GC invocations=11 (full 1):
 PSYoungGen      total 116736K, used 0K [0x00000000d5c00000, 0x00000000ddd80000, 0x0000000100000000)
  eden space 100864K, 0% used [0x00000000d5c00000,0x00000000d5c00000,0x00000000dbe80000)
  from space 15872K, 0% used [0x00000000dce00000,0x00000000dce00000,0x00000000ddd80000)
  to   space 15872K, 0% used [0x00000000dbe80000,0x00000000dbe80000,0x00000000dce00000)
 ParOldGen       total 87040K, used 28629K [0x0000000081400000, 0x0000000086900000, 0x00000000d5c00000)
  object space 87040K, 32% used [0x0000000081400000,0x0000000082ff56c8,0x0000000086900000)
 Metaspace       used 20549K, capacity 21122K, committed 21248K, reserved 1069056K
  class space    used 2370K, capacity 2536K, committed 2560K, reserved 1048576K
}

