# JRE version: Java(TM) SE Runtime Environment (8.0_261-b12) (build 1.8.0_261-b12)
# Java VM: Java HotSpot(TM) 64-Bit Server VM (25.261-b12 mixed mode windows-amd64 compressed oops)
Heap:
 PSYoungGen      total 146432K, used 48070K [0x00000000d5c00000, 0x00000000dfc00000, 0x0000000100000000)
  eden space 129024K, 23% used [0x00000000d5c00000,0x00000000d79f4228,0x00000000dda00000)
  from space 17408K, 99% used [0x00000000deb00000,0x00000000dfbfd768,0x00000000dfc00000)
  to   space 15360K, 0% used [0x00000000dda00000,0x00000000dda00000,0x00000000de900000)
 ParOldGen       total 88064K, used 30485K [0x0000000081400000, 0x0000000086a00000, 0x00000000d5c00000)
  object space 88064K, 34% used [0x0000000081400000,0x00000000831c57c0,0x0000000086a00000)
 Metaspace       used 25194K, capacity 25808K, committed 25984K, reserved 1073152K
  class space    used 2962K, capacity 3117K, committed 3200K, reserved 1048576K
GC Heap History (10 events):
Event: 6.917 GC heap before
{Heap before GC invocations=5 (full 0):
 PSYoungGen      total 71680K, used 71651K [0x00000000d5c00000, 0x00000000da700000, 0x0000000100000000)
  eden space 66560K, 100% used [0x00000000d5c00000,0x00000000d9d00000,0x00000000d9d00000)
  from space 5120K, 99% used [0x00000000da200000,0x00000000da6f8c70,0x00000000da700000)
  to   space 5120K, 0% used [0x00000000d9d00000,0x00000000d9d00000,0x00000000da200000)
 ParOldGen       total 87552K, used 7117K [0x0000000081400000, 0x0000000086980000, 0x00000000d5c00000)
  object space 87552K, 8% used [0x0000000081400000,0x0000000081af3640,0x0000000086980000)
 Metaspace       used 16664K, capacity 17072K, committed 17408K, reserved 1064960K
  class space    used 1938K, capacity 2017K, committed 2048K, reserved 1048576K
Event: 6.934 GC heap after
Heap after GC invocations=5 (full 0):
 PSYoungGen      total 71680K, used 5097K [0x00000000d5c00000, 0x00000000df900000, 0x0000000100000000)
  eden space 66560K, 0% used [0x00000000d5c00000,0x00000000d5c00000,0x00000000d9d00000)
  from space 5120K, 99% used [0x00000000d9d00000,0x00000000da1fa630,0x00000000da200000)
  to   space 13824K, 0% used [0x00000000deb80000,0x00000000deb80000,0x00000000df900000)
 ParOldGen       total 87552K, used 15746K [0x0000000081400000, 0x0000000086980000, 0x00000000d5c00000)
  object space 87552K, 17% used [0x0000000081400000,0x0000000082360ae8,0x0000000086980000)
 Metaspace       used 16664K, capacity 17072K, committed 17408K, reserved 1064960K
  class space    used 1938K, capacity 2017K, committed 2048K, reserved 1048576K
}
Event: 8.811 GC heap before
{Heap before GC invocations=6 (full 0):
 PSYoungGen      total 71680K, used 71657K [0x00000000d5c00000, 0x00000000df900000, 0x0000000100000000)
  eden space 66560K, 100% used [0x00000000d5c00000,0x00000000d9d00000,0x00000000d9d00000)
  from space 5120K, 99% used [0x00000000d9d00000,0x00000000da1fa630,0x00000000da200000)
  to   space 13824K, 0% used [0x00000000deb80000,0x00000000deb80000,0x00000000df900000)
 ParOldGen       total 87552K, used 15746K [0x0000000081400000, 0x0000000086980000, 0x00000000d5c00000)
  object space 87552K, 17% used [0x0000000081400000,0x0000000082360ae8,0x0000000086980000)
 Metaspace       used 17119K, capacity 17570K, committed 17792K, reserved 1064960K
  class space    used 1957K, capacity 2052K, committed 2176K, reserved 1048576K
Event: 8.822 GC heap after
Heap after GC invocations=6 (full 0):
 PSYoungGen      total 77312K, used 12489K [0x00000000d5c00000, 0x00000000df800000, 0x0000000100000000)
  eden space 64512K, 0% used [0x00000000d5c00000,0x00000000d5c00000,0x00000000d9b00000)
  from space 12800K, 97% used [0x00000000deb80000,0x00000000df7b2650,0x00000000df800000)
  to   space 15360K, 0% used [0x00000000dda00000,0x00000000dda00000,0x00000000de900000)
 ParOldGen       total 87552K, used 15754K [0x0000000081400000, 0x0000000086980000, 0x00000000d5c00000)
  object space 87552K, 17% used [0x0000000081400000,0x0000000082362ae8,0x0000000086980000)
 Metaspace       used 17119K, capacity 17570K, committed 17792K, reserved 1064960K
  class space    used 1957K, capacity 2052K, committed 2176K, reserved 1048576K
}
Event: 10.564 GC heap before
{Heap before GC invocations=7 (full 0):
 PSYoungGen      total 77312K, used 69941K [0x00000000d5c00000, 0x00000000df800000, 0x0000000100000000)
  eden space 64512K, 89% used [0x00000000d5c00000,0x00000000d941ade0,0x00000000d9b00000)
  from space 12800K, 97% used [0x00000000deb80000,0x00000000df7b2650,0x00000000df800000)
  to   space 15360K, 0% used [0x00000000dda00000,0x00000000dda00000,0x00000000de900000)
 ParOldGen       total 87552K, used 15754K [0x0000000081400000, 0x0000000086980000, 0x00000000d5c00000)
  object space 87552K, 17% used [0x0000000081400000,0x0000000082362ae8,0x0000000086980000)
 Metaspace       used 20608K, capacity 21146K, committed 21248K, reserved 1069056K
  class space    used 2382K, capacity 2524K, committed 2560K, reserved 1048576K
Event: 10.589 GC heap after
Heap after GC invocations=7 (full 0):
 PSYoungGen      total 144384K, used 14682K [0x00000000d5c00000, 0x00000000dfc00000, 0x0000000100000000)
  eden space 129024K, 0% used [0x00000000d5c00000,0x00000000d5c00000,0x00000000dda00000)
  from space 15360K, 95% used [0x00000000dda00000,0x00000000de8569d8,0x00000000de900000)
  to   space 17408K, 0% used [0x00000000deb00000,0x00000000deb00000,0x00000000dfc00000)
 ParOldGen       total 87552K, used 17404K [0x0000000081400000, 0x0000000086980000, 0x00000000d5c00000)
  object space 87552K, 19% used [0x0000000081400000,0x00000000824ff158,0x0000000086980000)
 Metaspace       used 20608K, capacity 21146K, committed 21248K, reserved 1069056K
  class space    used 2382K, capacity 2524K, committed 2560K, reserved 1048576K
}
Event: 10.589 GC heap before
{Heap before GC invocations=8 (full 1):
 PSYoungGen      total 144384K, used 14682K [0x00000000d5c00000, 0x00000000dfc00000, 0x0000000100000000)
  eden space 129024K, 0% used [0x00000000d5c00000,0x00000000d5c00000,0x00000000dda00000)
  from space 15360K, 95% used [0x00000000dda00000,0x00000000de8569d8,0x00000000de900000)
  to   space 17408K, 0% used [0x00000000deb00000,0x00000000deb00000,0x00000000dfc00000)
 ParOldGen       total 87552K, used 17404K [0x0000000081400000, 0x0000000086980000, 0x00000000d5c00000)
  object space 87552K, 19% used [0x0000000081400000,0x00000000824ff158,0x0000000086980000)
 Metaspace       used 20608K, capacity 21146K, committed 21248K, reserved 1069056K
  class space    used 2382K, capacity 2524K, committed 2560K, reserved 1048576K
Event: 10.752 GC heap after
Heap after GC invocations=8 (full 1):
 PSYoungGen      total 144384K, used 0K [0x00000000d5c00000, 0x00000000dfc00000, 0x0000000100000000)
  eden space 129024K, 0% used [0x00000000d5c00000,0x00000000d5c00000,0x00000000dda00000)
  from space 15360K, 0% used [0x00000000dda00000,0x00000000dda00000,0x00000000de900000)
  to   space 17408K, 0% used [0x00000000deb00000,0x00000000deb00000,0x00000000dfc00000)
 ParOldGen       total 88064K, used 26476K [0x0000000081400000, 0x0000000086a00000, 0x00000000d5c00000)
  object space 88064K, 30% used [0x0000000081400000,0x0000000082ddb118,0x0000000086a00000)
 Metaspace       used 20608K, capacity 21146K, committed 21248K, reserved 1069056K
  class space    used 2382K, capacity 2524K, committed 2560K, reserved 1048576K
}
Event: 15.488 GC heap before
{Heap before GC invocations=9 (full 1):
 PSYoungGen      total 144384K, used 129024K [0x00000000d5c00000, 0x00000000dfc00000, 0x0000000100000000)
  eden space 129024K, 100% used [0x00000000d5c00000,0x00000000dda00000,0x00000000dda00000)
  from space 15360K, 0% used [0x00000000dda00000,0x00000000dda00000,0x00000000de900000)
  to   space 17408K, 0% used [0x00000000deb00000,0x00000000deb00000,0x00000000dfc00000)
 ParOldGen       total 88064K, used 26476K [0x0000000081400000, 0x0000000086a00000, 0x00000000d5c00000)
  object space 88064K, 30% used [0x0000000081400000,0x0000000082ddb118,0x0000000086a00000)
 Metaspace       used 23927K, capacity 24544K, committed 24704K, reserved 1071104K
  class space    used 2762K, capacity 2909K, committed 2944K, reserved 1048576K
Event: 15.516 GC heap after
Heap after GC invocations=9 (full 1):
 PSYoungGen      total 146432K, used 17397K [0x00000000d5c00000, 0x00000000dfc00000, 0x0000000100000000)
  eden space 129024K, 0% used [0x00000000d5c00000,0x00000000d5c00000,0x00000000dda00000)
  from space 17408K, 99% used [0x00000000deb00000,0x00000000dfbfd768,0x00000000dfc00000)
  to   space 15360K, 0% used [0x00000000dda00000,0x00000000dda00000,0x00000000de900000)
 ParOldGen       total 88064K, used 30485K [0x0000000081400000, 0x0000000086a00000, 0x00000000d5c00000)
  object space 88064K, 34% used [0x0000000081400000,0x00000000831c57c0,0x0000000086a00000)
 Metaspace       used 23927K, capacity 24544K, committed 24704K, reserved 1071104K
  class space    used 2762K, capacity 2909K, committed 2944K, reserved 1048576K
}

